2025-03-16 03:57:50 INFO            _                _                      
2025-03-16 03:57:50 INFO           / \   ___ ___ ___| | ___ _ __ __ _ _   _ 
2025-03-16 03:57:50 INFO          / _ \ / __/ __/ _ \ |/ _ \ '__/ _` | | | |
2025-03-16 03:57:50 INFO         / ___ \ (_| (_|  __/ |  __/ | | (_| | |_| |
2025-03-16 03:57:50 INFO        /_/   \_\___\___\___|_|\___|_|  \__, |\__, |
2025-03-16 03:57:50 INFO                                        |___/ |___/ 
2025-03-16 03:57:50 INFO        generating outputs according to the following specified output flags... 
2025-03-16 03:57:50 INFO         Please use the -f flag to update the preference (default to all output files)
2025-03-16 03:57:50 INFO        {'ERT': 1, 'ERT_summary': 1, 'ART': 1, 'ART_summary': 1, 'energy_estimation': 1, 'flattened_arch': 1}
2025-03-16 03:57:50 INFO        Located config file at /home/workspace/.config/accelergy/accelergy_config.yaml.
2025-03-16 03:57:50 INFO        config file located:
2025-03-16 03:57:50 INFO        /home/workspace/.config/accelergy/accelergy_config.yaml
2025-03-16 03:57:50 INFO        Parsing file /home/workspace/lab4/output_dir/parsed-processed-input.yaml for architecture info
2025-03-16 03:57:50 INFO        Parsing file /home/workspace/lab4/output_dir/parsed-processed-input.yaml for compound_components info
2025-03-16 03:57:51 INFO        Calculated Architecture class SRAM_MD attributes"phy_datawidth" as "data_storage_width" = 16.
2025-03-16 03:57:51 INFO        Calculated Architecture class SRAM_MD attributes"phy_metadata_datawidth" as "metadata_storage_width" = 16.
2025-03-16 03:57:51 INFO        Calculated Architecture class SRAM_MD attributes"ag_datawidth" as "log(data_storage_depth)" = 6.238324625039508.
2025-03-16 03:57:51 INFO        Estimator plug-in identified by: /usr/local/share/accelergy/estimation_plug_ins/accelergy-neurosim-plugin/neurosim.estimator.yaml
2025-03-16 03:57:51 INFO        Estimator plug-in identified by: /usr/local/share/accelergy/estimation_plug_ins/accelergy-cacti-plug-in/cacti.estimator.yaml
2025-03-16 03:57:51 INFO        Estimator plug-in identified by: /usr/local/share/accelergy/estimation_plug_ins/accelergy-adc-plug-in/adc.estimator.yaml
2025-03-16 03:57:51 INFO        Estimator plug-in identified by: /usr/local/share/accelergy/estimation_plug_ins/accelergy-library-plugin/library.estimator.yaml
2025-03-16 03:57:51 INFO        Estimator plug-in identified by: /usr/local/share/accelergy/estimation_plug_ins/accelergy-aladdin-plug-in/aladdin.estimator.yaml
2025-03-16 03:57:51 INFO        Estimator plug-in identified by: /usr/local/share/accelergy/estimation_plug_ins/accelergy-table-based-plug-ins/table.estimator.yaml
2025-03-16 03:57:51 INFO        Estimator plug-in identified by: /usr/local/share/accelergy/estimation_plug_ins/dummy_tables/dummy.estimator.yaml
2025-03-16 03:57:51 INFO        Loading Python plug-in: /usr/local/share/accelergy/estimation_plug_ins/accelergy-cacti-plug-in/cacti_wrapper.py. Errors below are likely due to plug-in, not Accelergy.
2025-03-16 03:57:51 INFO        Getting all estimators in module <module 'python_plug_in' from '/usr/local/share/accelergy/estimation_plug_ins/accelergy-cacti-plug-in/cacti_wrapper.py'>
2025-03-16 03:57:51 INFO        Added estimator CactiCache that estimates cache with actions idle, read, read_access, update, update_access, write, write_access, leak
2025-03-16 03:57:51 INFO        Added estimator CactiDRAM that estimates ['DRAM', 'dram'] with actions idle, read, update, write, leak
2025-03-16 03:57:51 INFO        Added estimator CactiSRAM that estimates ['SRAM', 'sram'] with actions idle, read, update, write, leak
2025-03-16 03:57:51 INFO        Done loading Python plug-ins.
2025-03-16 03:57:51 INFO        Found estimator plug-in: Neurosim Plug-In (<NeuroWrapper.NeuroWrapper object at 0x7f07f50b3520>)
2025-03-16 03:57:51 INFO        Found estimator plug-in: ADC Plug-In (<ADCEstimator.ADCEstimator object at 0x7f07f50b3460>)
2025-03-16 03:57:51 INFO        Found estimator plug-in: Library (<LibraryEstimator.LibraryEstimator object at 0x7f07f515b2b0>)
2025-03-16 03:57:51 INFO        Found estimator plug-in: Aladdin_table (<AladdinTable.AladdinTable object at 0x7f07f50b3f40>)
2025-03-16 03:57:51 INFO        Found estimator plug-in: DEPRECATED table-based-plug-ins. Use the Library plug-in instead. (<SetsOfTables.SetsOfTables object at 0x7f07f50463b0>)
2025-03-16 03:57:51 INFO        Found estimator plug-in: dummy (<DummyTable.DummyTable object at 0x7f07f5047370>)
2025-03-16 03:57:51 INFO        Found estimator plug-in: CactiCache (<accelergy.plug_in_interface.estimator_wrapper.EstimatorWrapper object at 0x7f07f5046e00>)
2025-03-16 03:57:51 INFO        Found estimator plug-in: CactiDRAM (<accelergy.plug_in_interface.estimator_wrapper.EstimatorWrapper object at 0x7f07f50471f0>)
2025-03-16 03:57:51 INFO        Found estimator plug-in: CactiSRAM (<accelergy.plug_in_interface.estimator_wrapper.EstimatorWrapper object at 0x7f07f51594b0>)
2025-03-16 03:57:51 INFO        Calculated storage."technology" as "technology" = 45nm.
2025-03-16 03:57:51 INFO        Calculated storage."width" as "width" = 32.
2025-03-16 03:57:51 INFO        Calculated storage."n_rw_ports" as "n_rw_ports" = 2.
2025-03-16 03:57:51 INFO        Calculated storage."n_banks" as "n_banks" = 2.
2025-03-16 03:57:51 INFO        Calculated metadata_storage."technology" as "technology" = 45nm.
2025-03-16 03:57:51 INFO        Calculated metadata_storage."width" as "metadata_width" = 16.
2025-03-16 03:57:51 INFO        Calculated metadata_storage."n_rw_ports" as "n_rw_ports" = 2.
2025-03-16 03:57:51 INFO        Calculated metadata_storage."n_banks" as "n_banks" = 2.
2025-03-16 03:57:51 INFO        Calculated storage."technology" as "technology" = 45nm.
2025-03-16 03:57:51 INFO        Calculated storage."width" as "data_storage_width" = 16.
2025-03-16 03:57:51 INFO        Calculated storage."depth" as "data_storage_depth" = 512.
2025-03-16 03:57:51 INFO        Calculated storage."datawidth" as "phy_datawidth" = 16.
2025-03-16 03:57:51 INFO        Calculated storage."n_rdwr_ports" as "n_rdwr_ports" = 2.
2025-03-16 03:57:51 INFO        Calculated storage."n_banks" as "n_banks" = 2.
2025-03-16 03:57:51 INFO        Calculated metadata_storage."technology" as "technology" = 45nm.
2025-03-16 03:57:51 INFO        Calculated metadata_storage."width" as "metadata_storage_width" = 16.
2025-03-16 03:57:51 INFO        Calculated metadata_storage."depth" as "metadata_storage_depth" = 512.
2025-03-16 03:57:51 INFO        Calculated metadata_storage."datawidth" as "phy_metadata_datawidth" = 16.
2025-03-16 03:57:51 INFO        Calculated multiplier."technology" as "technology" = 45nm.
2025-03-16 03:57:51 INFO        Calculated multiplier."exponent" as "exponent" = 5.
2025-03-16 03:57:51 INFO        Calculated multiplier."mantissa" as "mantissa" = 10.
2025-03-16 03:57:51 INFO        Calculated multiplier."sign" as "sign" = 1.
2025-03-16 03:57:51 INFO        Calculated adder."technology" as "technology" = 45nm.
2025-03-16 03:57:51 INFO        Calculated adder."exponent" as "exponent" = 5.
2025-03-16 03:57:51 INFO        Calculated adder."mantissa" as "mantissa" = 10.
2025-03-16 03:57:51 INFO        Calculated adder."sign" as "sign" = 1.
2025-03-16 03:57:51 INFO        
2025-03-16 03:57:51 INFO        ENERGY ESTIMATION for DRAM(technology=45nm, width=32, n_rw_ports=2, n_banks=2, global_cycle_seconds=1e-09, action_latency_cycles=1, cycle_seconds=1e-09, n_instances=1).read(global_cycle_seconds=1e-09, action_latency_cycles=1, cycle_seconds=1e-09, technology=45nm, n_instances=1)
2025-03-16 03:57:51 INFO        CactiDRAM estimated 2.56e-10 with accuracy 80%. Messages:
2025-03-16 03:57:51 INFO        | Unused arguments (technology, n_rw_ports, n_banks, global_cycle_seconds, action_latency_cycles, cycle_seconds, n_instances) provided for ['DRAM', 'dram'].__init__. Arguments used: (width)
2025-03-16 03:57:51 INFO        | Unused arguments (global_cycle_seconds, action_latency_cycles, cycle_seconds, technology, n_instances) provided for ['DRAM', 'dram'].read. Arguments used: ()
2025-03-16 03:57:51 INFO        
2025-03-16 03:57:51 INFO        ENERGY ESTIMATION for DRAM(technology=45nm, width=32, n_rw_ports=2, n_banks=2, global_cycle_seconds=1e-09, action_latency_cycles=1, cycle_seconds=1e-09, n_instances=1).write(global_cycle_seconds=1e-09, action_latency_cycles=1, cycle_seconds=1e-09, technology=45nm, n_instances=1)
2025-03-16 03:57:51 INFO        CactiDRAM estimated 2.56e-10 with accuracy 80%. Messages:
2025-03-16 03:57:51 INFO        | Unused arguments (technology, n_rw_ports, n_banks, global_cycle_seconds, action_latency_cycles, cycle_seconds, n_instances) provided for ['DRAM', 'dram'].__init__. Arguments used: (width)
2025-03-16 03:57:51 INFO        | Unused arguments (global_cycle_seconds, action_latency_cycles, cycle_seconds, technology, n_instances) provided for ['DRAM', 'dram'].write. Arguments used: ()
2025-03-16 03:57:51 INFO        
2025-03-16 03:57:51 INFO        ENERGY ESTIMATION for DRAM(technology=45nm, width=32, n_rw_ports=2, n_banks=2, global_cycle_seconds=1e-09, action_latency_cycles=1, cycle_seconds=1e-09, n_instances=1).update(global_cycle_seconds=1e-09, action_latency_cycles=1, cycle_seconds=1e-09, technology=45nm, n_instances=1)
2025-03-16 03:57:51 INFO        CactiDRAM estimated 2.56e-10 with accuracy 80%. Messages:
2025-03-16 03:57:51 INFO        | Unused arguments (technology, n_rw_ports, n_banks, global_cycle_seconds, action_latency_cycles, cycle_seconds, n_instances) provided for ['DRAM', 'dram'].__init__. Arguments used: (width)
2025-03-16 03:57:51 INFO        | Unused arguments (global_cycle_seconds, action_latency_cycles, cycle_seconds, technology, n_instances) provided for ['DRAM', 'dram'].update. Arguments used: ()
2025-03-16 03:57:51 INFO        
2025-03-16 03:57:51 INFO        ENERGY ESTIMATION for DRAM(technology=45nm, width=16, n_rw_ports=2, n_banks=2, global_cycle_seconds=1e-09, action_latency_cycles=1, cycle_seconds=1e-09, n_instances=1).read(global_cycle_seconds=1e-09, action_latency_cycles=1, cycle_seconds=1e-09, technology=45nm, n_instances=1)
2025-03-16 03:57:51 INFO        CactiDRAM estimated 1.28e-10 with accuracy 80%. Messages:
2025-03-16 03:57:51 INFO        | Unused arguments (technology, n_rw_ports, n_banks, global_cycle_seconds, action_latency_cycles, cycle_seconds, n_instances) provided for ['DRAM', 'dram'].__init__. Arguments used: (width)
2025-03-16 03:57:51 INFO        | Unused arguments (global_cycle_seconds, action_latency_cycles, cycle_seconds, technology, n_instances) provided for ['DRAM', 'dram'].read. Arguments used: ()
2025-03-16 03:57:51 INFO        
2025-03-16 03:57:51 INFO        ENERGY ESTIMATION for DRAM(technology=45nm, width=16, n_rw_ports=2, n_banks=2, global_cycle_seconds=1e-09, action_latency_cycles=1, cycle_seconds=1e-09, n_instances=1).write(global_cycle_seconds=1e-09, action_latency_cycles=1, cycle_seconds=1e-09, technology=45nm, n_instances=1)
2025-03-16 03:57:51 INFO        CactiDRAM estimated 1.28e-10 with accuracy 80%. Messages:
2025-03-16 03:57:51 INFO        | Unused arguments (technology, n_rw_ports, n_banks, global_cycle_seconds, action_latency_cycles, cycle_seconds, n_instances) provided for ['DRAM', 'dram'].__init__. Arguments used: (width)
2025-03-16 03:57:51 INFO        | Unused arguments (global_cycle_seconds, action_latency_cycles, cycle_seconds, technology, n_instances) provided for ['DRAM', 'dram'].write. Arguments used: ()
2025-03-16 03:57:51 INFO        
2025-03-16 03:57:51 INFO        ENERGY ESTIMATION for DRAM(technology=45nm, width=16, n_rw_ports=2, n_banks=2, global_cycle_seconds=1e-09, action_latency_cycles=1, cycle_seconds=1e-09, n_instances=1).update(global_cycle_seconds=1e-09, action_latency_cycles=1, cycle_seconds=1e-09, technology=45nm, n_instances=1)
2025-03-16 03:57:51 INFO        CactiDRAM estimated 1.28e-10 with accuracy 80%. Messages:
2025-03-16 03:57:51 INFO        | Unused arguments (technology, n_rw_ports, n_banks, global_cycle_seconds, action_latency_cycles, cycle_seconds, n_instances) provided for ['DRAM', 'dram'].__init__. Arguments used: (width)
2025-03-16 03:57:51 INFO        | Unused arguments (global_cycle_seconds, action_latency_cycles, cycle_seconds, technology, n_instances) provided for ['DRAM', 'dram'].update. Arguments used: ()
2025-03-16 03:57:51 INFO        
2025-03-16 03:57:51 INFO        ENERGY ESTIMATION for DRAM(technology=45nm, width=32, n_rw_ports=2, n_banks=2, global_cycle_seconds=1e-09, action_latency_cycles=1, cycle_seconds=1e-09, n_instances=1).leak(global_cycle_seconds=1e-09, action_latency_cycles=1, cycle_seconds=1e-09, technology=45nm, n_instances=1)
2025-03-16 03:57:51 INFO        CactiDRAM estimated 0 with accuracy 80%. Messages:
2025-03-16 03:57:51 INFO        | Unused arguments (technology, n_rw_ports, n_banks, global_cycle_seconds, action_latency_cycles, cycle_seconds, n_instances) provided for ['DRAM', 'dram'].__init__. Arguments used: (width)
2025-03-16 03:57:51 INFO        | Unused arguments (action_latency_cycles, cycle_seconds, technology, n_instances) provided for ['DRAM', 'dram'].leak. Arguments used: (global_cycle_seconds)
2025-03-16 03:57:51 INFO        | Multiplying by n_instances 1
2025-03-16 03:57:51 INFO        
2025-03-16 03:57:51 INFO        ENERGY ESTIMATION for DRAM(technology=45nm, width=16, n_rw_ports=2, n_banks=2, global_cycle_seconds=1e-09, action_latency_cycles=1, cycle_seconds=1e-09, n_instances=1).leak(global_cycle_seconds=1e-09, action_latency_cycles=1, cycle_seconds=1e-09, technology=45nm, n_instances=1)
2025-03-16 03:57:51 INFO        CactiDRAM estimated 0 with accuracy 80%. Messages:
2025-03-16 03:57:51 INFO        | Unused arguments (technology, n_rw_ports, n_banks, global_cycle_seconds, action_latency_cycles, cycle_seconds, n_instances) provided for ['DRAM', 'dram'].__init__. Arguments used: (width)
2025-03-16 03:57:51 INFO        | Unused arguments (action_latency_cycles, cycle_seconds, technology, n_instances) provided for ['DRAM', 'dram'].leak. Arguments used: (global_cycle_seconds)
2025-03-16 03:57:51 INFO        | Multiplying by n_instances 1
2025-03-16 03:57:51 INFO        
2025-03-16 03:57:51 INFO        ENERGY ESTIMATION for SRAM(technology=45nm, width=16, depth=512, datawidth=16, n_rdwr_ports=2, n_banks=2, global_cycle_seconds=1e-09, action_latency_cycles=1, cycle_seconds=1e-09, n_instances=1).write(global_cycle_seconds=1e-09, action_latency_cycles=1, cycle_seconds=1e-09, technology=45nm, n_instances=1)
2025-03-16 03:57:51 INFO        CactiSRAM estimated 2.0541689999999997e-12 with accuracy 80%. Messages:
2025-03-16 03:57:51 INFO        | Unused arguments (datawidth, n_rdwr_ports, global_cycle_seconds, action_latency_cycles, cycle_seconds, n_instances) provided for ['SRAM', 'sram'].__init__. Arguments used: (technology, width, depth, n_banks)
2025-03-16 03:57:51 INFO        | Unused arguments (global_cycle_seconds, action_latency_cycles, cycle_seconds, technology, n_instances) provided for ['SRAM', 'sram'].write. Arguments used: ()
2025-03-16 03:57:51 INFO        | Calling CACTI with cache_size=2048 n_rw_ports=1 block_size=4 tech_node_um=0.045 n_banks=2 tag_size=0 associativity=1
2025-03-16 03:57:51 INFO        | Calling CACTI with input path /usr/local/share/accelergy/estimation_plug_ins/accelergy-cacti-plug-in/cacti_inputs_outputs/tmpjcdr3vq2
2025-03-16 03:57:51 INFO        | CACTI output will be written to /usr/local/share/accelergy/estimation_plug_ins/accelergy-cacti-plug-in/cacti_inputs_outputs/tmpyc_70qcn
2025-03-16 03:57:51 INFO        | CACTI executable not found at /usr/local/share/accelergy/estimation_plug_ins/accelergy-cacti-plug-in/cacti/cacti
2025-03-16 03:57:51 INFO        | Calling: cd /usr/local/share/accelergy/estimation_plug_ins/accelergy-cacti-plug-in ; ./cacti -infile /usr/local/share/accelergy/estimation_plug_ins/accelergy-cacti-plug-in/cacti_inputs_outputs/tmpjcdr3vq2 >> /usr/local/share/accelergy/estimation_plug_ins/accelergy-cacti-plug-in/cacti_inputs_outputs/tmpyc_70qcn 2>&1
2025-03-16 03:57:51 INFO        | Cache bandwidth: 4.0 bytes/cycle
2025-03-16 03:57:51 INFO        | Cache bandwidth: 48290661491.51744 bits/second
2025-03-16 03:57:51 INFO        
2025-03-16 03:57:51 INFO        ENERGY ESTIMATION for SRAM(technology=45nm, width=16, depth=512, datawidth=16, n_rdwr_ports=2, n_banks=2, global_cycle_seconds=1e-09, action_latency_cycles=1, cycle_seconds=1e-09, n_instances=1).read(global_cycle_seconds=1e-09, action_latency_cycles=1, cycle_seconds=1e-09, technology=45nm, n_instances=1)
2025-03-16 03:57:51 INFO        CactiSRAM estimated 8.414184999999999e-13 with accuracy 80%. Messages:
2025-03-16 03:57:51 INFO        | Unused arguments (datawidth, n_rdwr_ports, global_cycle_seconds, action_latency_cycles, cycle_seconds, n_instances) provided for ['SRAM', 'sram'].__init__. Arguments used: (technology, width, depth, n_banks)
2025-03-16 03:57:51 INFO        | Unused arguments (global_cycle_seconds, action_latency_cycles, cycle_seconds, technology, n_instances) provided for ['SRAM', 'sram'].read. Arguments used: ()
2025-03-16 03:57:51 INFO        | Calling CACTI with cache_size=2048 n_rw_ports=1 block_size=4 tech_node_um=0.045 n_banks=2 tag_size=0 associativity=1
2025-03-16 03:57:51 INFO        | Calling CACTI with input path /usr/local/share/accelergy/estimation_plug_ins/accelergy-cacti-plug-in/cacti_inputs_outputs/tmpe2af2489
2025-03-16 03:57:51 INFO        | CACTI output will be written to /usr/local/share/accelergy/estimation_plug_ins/accelergy-cacti-plug-in/cacti_inputs_outputs/tmp356f5ybf
2025-03-16 03:57:51 INFO        | CACTI executable not found at /usr/local/share/accelergy/estimation_plug_ins/accelergy-cacti-plug-in/cacti/cacti
2025-03-16 03:57:51 INFO        | Calling: cd /usr/local/share/accelergy/estimation_plug_ins/accelergy-cacti-plug-in ; ./cacti -infile /usr/local/share/accelergy/estimation_plug_ins/accelergy-cacti-plug-in/cacti_inputs_outputs/tmpe2af2489 >> /usr/local/share/accelergy/estimation_plug_ins/accelergy-cacti-plug-in/cacti_inputs_outputs/tmp356f5ybf 2>&1
2025-03-16 03:57:51 INFO        | Cache bandwidth: 4.0 bytes/cycle
2025-03-16 03:57:51 INFO        | Cache bandwidth: 48290661491.51744 bits/second
2025-03-16 03:57:51 INFO        
2025-03-16 03:57:51 INFO        ENERGY ESTIMATION for SRAM(technology=45nm, width=16, depth=512, datawidth=16, n_rdwr_ports=2, n_banks=2, global_cycle_seconds=1e-09, action_latency_cycles=1, cycle_seconds=1e-09, n_instances=1).idle(global_cycle_seconds=1e-09, action_latency_cycles=1, cycle_seconds=1e-09, technology=45nm, n_instances=1)
2025-03-16 03:57:51 INFO        CactiSRAM estimated 0 with accuracy 80%. Messages:
2025-03-16 03:57:51 INFO        | Unused arguments (datawidth, n_rdwr_ports, global_cycle_seconds, action_latency_cycles, cycle_seconds, n_instances) provided for ['SRAM', 'sram'].__init__. Arguments used: (technology, width, depth, n_banks)
2025-03-16 03:57:51 INFO        | Unused arguments (global_cycle_seconds, action_latency_cycles, cycle_seconds, technology, n_instances) provided for ['SRAM', 'sram'].idle. Arguments used: ()
2025-03-16 03:57:51 INFO        
2025-03-16 03:57:51 INFO        ENERGY ESTIMATION for SRAM(technology=45nm, width=16, depth=512, datawidth=16, n_rdwr_ports=2, n_banks=2, global_cycle_seconds=1e-09, action_latency_cycles=1, cycle_seconds=1e-09, n_instances=1).idle(global_cycle_seconds=1e-09, action_latency_cycles=1, cycle_seconds=1e-09, technology=45nm, n_instances=1)
2025-03-16 03:57:51 INFO        CactiSRAM estimated 0 with accuracy 80%. Messages:
2025-03-16 03:57:51 INFO        | Unused arguments (datawidth, n_rdwr_ports, global_cycle_seconds, action_latency_cycles, cycle_seconds, n_instances) provided for ['SRAM', 'sram'].__init__. Arguments used: (technology, width, depth, n_banks)
2025-03-16 03:57:51 INFO        | Unused arguments (global_cycle_seconds, action_latency_cycles, cycle_seconds, technology, n_instances) provided for ['SRAM', 'sram'].idle. Arguments used: ()
2025-03-16 03:57:51 INFO        
2025-03-16 03:57:51 INFO        ENERGY ESTIMATION for SRAM(technology=45nm, width=16, depth=512, datawidth=16, global_cycle_seconds=1e-09, action_latency_cycles=1, cycle_seconds=1e-09, n_instances=1).read(global_cycle_seconds=1e-09, action_latency_cycles=1, cycle_seconds=1e-09, technology=45nm, n_instances=1)
2025-03-16 03:57:51 INFO        CactiSRAM estimated 1.450683e-12 with accuracy 80%. Messages:
2025-03-16 03:57:51 INFO        | Unused arguments (datawidth, global_cycle_seconds, action_latency_cycles, cycle_seconds, n_instances) provided for ['SRAM', 'sram'].__init__. Arguments used: (technology, width, depth)
2025-03-16 03:57:51 INFO        | Unused arguments (global_cycle_seconds, action_latency_cycles, cycle_seconds, technology, n_instances) provided for ['SRAM', 'sram'].read. Arguments used: ()
2025-03-16 03:57:51 INFO        | Calling CACTI with cache_size=2048 n_rw_ports=1 block_size=4 tech_node_um=0.045 n_banks=1 tag_size=0 associativity=1
2025-03-16 03:57:51 INFO        | Calling CACTI with input path /usr/local/share/accelergy/estimation_plug_ins/accelergy-cacti-plug-in/cacti_inputs_outputs/tmp_d6khacd
2025-03-16 03:57:51 INFO        | CACTI output will be written to /usr/local/share/accelergy/estimation_plug_ins/accelergy-cacti-plug-in/cacti_inputs_outputs/tmpecmbckv7
2025-03-16 03:57:51 INFO        | CACTI executable not found at /usr/local/share/accelergy/estimation_plug_ins/accelergy-cacti-plug-in/cacti/cacti
2025-03-16 03:57:51 INFO        | Calling: cd /usr/local/share/accelergy/estimation_plug_ins/accelergy-cacti-plug-in ; ./cacti -infile /usr/local/share/accelergy/estimation_plug_ins/accelergy-cacti-plug-in/cacti_inputs_outputs/tmp_d6khacd >> /usr/local/share/accelergy/estimation_plug_ins/accelergy-cacti-plug-in/cacti_inputs_outputs/tmpecmbckv7 2>&1
2025-03-16 03:57:51 INFO        | Cache bandwidth: 2.0 bytes/cycle
2025-03-16 03:57:51 INFO        | Cache bandwidth: 24008595077.03758 bits/second
2025-03-16 03:57:51 INFO        
2025-03-16 03:57:51 INFO        ENERGY ESTIMATION for SRAM(technology=45nm, width=16, depth=512, datawidth=16, global_cycle_seconds=1e-09, action_latency_cycles=1, cycle_seconds=1e-09, n_instances=1).write(global_cycle_seconds=1e-09, action_latency_cycles=1, cycle_seconds=1e-09, technology=45nm, n_instances=1)
2025-03-16 03:57:51 INFO        CactiSRAM estimated 1.7128214999999998e-12 with accuracy 80%. Messages:
2025-03-16 03:57:51 INFO        | Unused arguments (datawidth, global_cycle_seconds, action_latency_cycles, cycle_seconds, n_instances) provided for ['SRAM', 'sram'].__init__. Arguments used: (technology, width, depth)
2025-03-16 03:57:51 INFO        | Unused arguments (global_cycle_seconds, action_latency_cycles, cycle_seconds, technology, n_instances) provided for ['SRAM', 'sram'].write. Arguments used: ()
2025-03-16 03:57:51 INFO        | Calling CACTI with cache_size=2048 n_rw_ports=1 block_size=4 tech_node_um=0.045 n_banks=1 tag_size=0 associativity=1
2025-03-16 03:57:51 INFO        | Calling CACTI with input path /usr/local/share/accelergy/estimation_plug_ins/accelergy-cacti-plug-in/cacti_inputs_outputs/tmpahsvnmvh
2025-03-16 03:57:51 INFO        | CACTI output will be written to /usr/local/share/accelergy/estimation_plug_ins/accelergy-cacti-plug-in/cacti_inputs_outputs/tmpa2rsmri9
2025-03-16 03:57:51 INFO        | CACTI executable not found at /usr/local/share/accelergy/estimation_plug_ins/accelergy-cacti-plug-in/cacti/cacti
2025-03-16 03:57:51 INFO        | Calling: cd /usr/local/share/accelergy/estimation_plug_ins/accelergy-cacti-plug-in ; ./cacti -infile /usr/local/share/accelergy/estimation_plug_ins/accelergy-cacti-plug-in/cacti_inputs_outputs/tmpahsvnmvh >> /usr/local/share/accelergy/estimation_plug_ins/accelergy-cacti-plug-in/cacti_inputs_outputs/tmpa2rsmri9 2>&1
2025-03-16 03:57:51 INFO        | Cache bandwidth: 2.0 bytes/cycle
2025-03-16 03:57:51 INFO        | Cache bandwidth: 24008595077.03758 bits/second
2025-03-16 03:57:51 INFO        
2025-03-16 03:57:51 INFO        ENERGY ESTIMATION for SRAM(technology=45nm, width=16, depth=512, datawidth=16, global_cycle_seconds=1e-09, action_latency_cycles=1, cycle_seconds=1e-09, n_instances=1).idle(global_cycle_seconds=1e-09, action_latency_cycles=1, cycle_seconds=1e-09, technology=45nm, n_instances=1)
2025-03-16 03:57:51 INFO        CactiSRAM estimated 0 with accuracy 80%. Messages:
2025-03-16 03:57:51 INFO        | Unused arguments (datawidth, global_cycle_seconds, action_latency_cycles, cycle_seconds, n_instances) provided for ['SRAM', 'sram'].__init__. Arguments used: (technology, width, depth)
2025-03-16 03:57:51 INFO        | Unused arguments (global_cycle_seconds, action_latency_cycles, cycle_seconds, technology, n_instances) provided for ['SRAM', 'sram'].idle. Arguments used: ()
2025-03-16 03:57:51 INFO        
2025-03-16 03:57:51 INFO        ENERGY ESTIMATION for SRAM(technology=45nm, width=16, depth=512, datawidth=16, global_cycle_seconds=1e-09, action_latency_cycles=1, cycle_seconds=1e-09, n_instances=1).idle(global_cycle_seconds=1e-09, action_latency_cycles=1, cycle_seconds=1e-09, technology=45nm, n_instances=1)
2025-03-16 03:57:51 INFO        CactiSRAM estimated 0 with accuracy 80%. Messages:
2025-03-16 03:57:51 INFO        | Unused arguments (datawidth, global_cycle_seconds, action_latency_cycles, cycle_seconds, n_instances) provided for ['SRAM', 'sram'].__init__. Arguments used: (technology, width, depth)
2025-03-16 03:57:51 INFO        | Unused arguments (global_cycle_seconds, action_latency_cycles, cycle_seconds, technology, n_instances) provided for ['SRAM', 'sram'].idle. Arguments used: ()
2025-03-16 03:57:51 INFO        
2025-03-16 03:57:51 INFO        ENERGY ESTIMATION for SRAM(technology=45nm, width=16, depth=512, datawidth=16, n_rdwr_ports=2, n_banks=2, global_cycle_seconds=1e-09, action_latency_cycles=1, cycle_seconds=1e-09, n_instances=1).write(global_cycle_seconds=1e-09, action_latency_cycles=1, cycle_seconds=1e-09, technology=45nm, n_instances=1)
2025-03-16 03:57:51 INFO        CactiSRAM estimated 2.0541689999999997e-12 with accuracy 80%. Messages:
2025-03-16 03:57:51 INFO        | Unused arguments (datawidth, n_rdwr_ports, global_cycle_seconds, action_latency_cycles, cycle_seconds, n_instances) provided for ['SRAM', 'sram'].__init__. Arguments used: (technology, width, depth, n_banks)
2025-03-16 03:57:51 INFO        | Unused arguments (global_cycle_seconds, action_latency_cycles, cycle_seconds, technology, n_instances) provided for ['SRAM', 'sram'].write. Arguments used: ()
2025-03-16 03:57:51 INFO        | Calling CACTI with cache_size=2048 n_rw_ports=1 block_size=4 tech_node_um=0.045 n_banks=2 tag_size=0 associativity=1
2025-03-16 03:57:51 INFO        | Calling CACTI with input path /usr/local/share/accelergy/estimation_plug_ins/accelergy-cacti-plug-in/cacti_inputs_outputs/tmpxoyeple6
2025-03-16 03:57:51 INFO        | CACTI output will be written to /usr/local/share/accelergy/estimation_plug_ins/accelergy-cacti-plug-in/cacti_inputs_outputs/tmp0lw7o7oa
2025-03-16 03:57:51 INFO        | CACTI executable not found at /usr/local/share/accelergy/estimation_plug_ins/accelergy-cacti-plug-in/cacti/cacti
2025-03-16 03:57:51 INFO        | Calling: cd /usr/local/share/accelergy/estimation_plug_ins/accelergy-cacti-plug-in ; ./cacti -infile /usr/local/share/accelergy/estimation_plug_ins/accelergy-cacti-plug-in/cacti_inputs_outputs/tmpxoyeple6 >> /usr/local/share/accelergy/estimation_plug_ins/accelergy-cacti-plug-in/cacti_inputs_outputs/tmp0lw7o7oa 2>&1
2025-03-16 03:57:51 INFO        | Cache bandwidth: 4.0 bytes/cycle
2025-03-16 03:57:51 INFO        | Cache bandwidth: 48290661491.51744 bits/second
2025-03-16 03:57:51 INFO        
2025-03-16 03:57:51 INFO        ENERGY ESTIMATION for SRAM(technology=45nm, width=16, depth=512, datawidth=16, n_rdwr_ports=2, n_banks=2, global_cycle_seconds=1e-09, action_latency_cycles=1, cycle_seconds=1e-09, n_instances=1).leak(global_cycle_seconds=1e-09, action_latency_cycles=1, cycle_seconds=1e-09, technology=45nm, n_instances=1)
2025-03-16 03:57:51 INFO        CactiSRAM estimated 3.840170000000001e-17 with accuracy 80%. Messages:
2025-03-16 03:57:51 INFO        | Unused arguments (datawidth, n_rdwr_ports, global_cycle_seconds, action_latency_cycles, cycle_seconds, n_instances) provided for ['SRAM', 'sram'].__init__. Arguments used: (technology, width, depth, n_banks)
2025-03-16 03:57:51 INFO        | Unused arguments (action_latency_cycles, cycle_seconds, technology, n_instances) provided for ['SRAM', 'sram'].leak. Arguments used: (global_cycle_seconds)
2025-03-16 03:57:51 INFO        | Calling CACTI with cache_size=2048 n_rw_ports=1 block_size=4 tech_node_um=0.045 n_banks=2 tag_size=0 associativity=1
2025-03-16 03:57:51 INFO        | Calling CACTI with input path /usr/local/share/accelergy/estimation_plug_ins/accelergy-cacti-plug-in/cacti_inputs_outputs/tmp84u3p530
2025-03-16 03:57:51 INFO        | CACTI output will be written to /usr/local/share/accelergy/estimation_plug_ins/accelergy-cacti-plug-in/cacti_inputs_outputs/tmp8n3lavjw
2025-03-16 03:57:51 INFO        | CACTI executable not found at /usr/local/share/accelergy/estimation_plug_ins/accelergy-cacti-plug-in/cacti/cacti
2025-03-16 03:57:51 INFO        | Calling: cd /usr/local/share/accelergy/estimation_plug_ins/accelergy-cacti-plug-in ; ./cacti -infile /usr/local/share/accelergy/estimation_plug_ins/accelergy-cacti-plug-in/cacti_inputs_outputs/tmp84u3p530 >> /usr/local/share/accelergy/estimation_plug_ins/accelergy-cacti-plug-in/cacti_inputs_outputs/tmp8n3lavjw 2>&1
2025-03-16 03:57:51 INFO        | Cache bandwidth: 4.0 bytes/cycle
2025-03-16 03:57:51 INFO        | Cache bandwidth: 48290661491.51744 bits/second
2025-03-16 03:57:51 INFO        | Multiplying by n_instances 1
2025-03-16 03:57:51 INFO        
2025-03-16 03:57:51 INFO        ENERGY ESTIMATION for fpmultiplier(technology=45nm, exponent=5, mantissa=10, sign=1, global_cycle_seconds=1e-09, action_latency_cycles=1, cycle_seconds=1e-09, n_instances=1).multiply_random(global_cycle_seconds=1e-09, action_latency_cycles=1, cycle_seconds=1e-09, technology=45nm, n_instances=1)
2025-03-16 03:57:51 INFO        Aladdin_table estimated 7.756347656249999p with accuracy 70%. 
2025-03-16 03:57:51 INFO        
2025-03-16 03:57:51 INFO        ENERGY ESTIMATION for fpadder(technology=45nm, exponent=5, mantissa=10, sign=1, global_cycle_seconds=1e-09, action_latency_cycles=1, cycle_seconds=1e-09, n_instances=1).add(global_cycle_seconds=1e-09, action_latency_cycles=1, cycle_seconds=1e-09, technology=45nm, n_instances=1)
2025-03-16 03:57:51 INFO        Aladdin_table estimated 7.818281249999999p with accuracy 70%. 
2025-03-16 03:57:51 INFO        
2025-03-16 03:57:51 INFO        ENERGY ESTIMATION for fpmultiplier(technology=45nm, exponent=5, mantissa=10, sign=1, global_cycle_seconds=1e-09, action_latency_cycles=1, cycle_seconds=1e-09, n_instances=1).idle(global_cycle_seconds=1e-09, action_latency_cycles=1, cycle_seconds=1e-09, technology=45nm, n_instances=1)
2025-03-16 03:57:51 INFO        Aladdin_table estimated 7.756347656249999p with accuracy 70%. 
2025-03-16 03:57:51 INFO        
2025-03-16 03:57:51 INFO        ENERGY ESTIMATION for fpadder(technology=45nm, exponent=5, mantissa=10, sign=1, global_cycle_seconds=1e-09, action_latency_cycles=1, cycle_seconds=1e-09, n_instances=1).idle(global_cycle_seconds=1e-09, action_latency_cycles=1, cycle_seconds=1e-09, technology=45nm, n_instances=1)
2025-03-16 03:57:51 INFO        Aladdin_table estimated 7.818281249999999p with accuracy 70%. 
2025-03-16 03:57:51 INFO        
2025-03-16 03:57:51 INFO        ENERGY ESTIMATION for fpmultiplier(technology=45nm, exponent=5, mantissa=10, sign=1, global_cycle_seconds=1e-09, action_latency_cycles=1, cycle_seconds=1e-09, n_instances=1).idle(global_cycle_seconds=1e-09, action_latency_cycles=1, cycle_seconds=1e-09, technology=45nm, n_instances=1)
2025-03-16 03:57:51 INFO        Aladdin_table estimated 7.756347656249999p with accuracy 70%. 
2025-03-16 03:57:51 INFO        
2025-03-16 03:57:51 INFO        ENERGY ESTIMATION for fpadder(technology=45nm, exponent=5, mantissa=10, sign=1, global_cycle_seconds=1e-09, action_latency_cycles=1, cycle_seconds=1e-09, n_instances=1).idle(global_cycle_seconds=1e-09, action_latency_cycles=1, cycle_seconds=1e-09, technology=45nm, n_instances=1)
2025-03-16 03:57:51 INFO        Aladdin_table estimated 7.818281249999999p with accuracy 70%. 
2025-03-16 03:57:51 WARNING     No action counts are specified as yaml input
2025-03-16 03:57:51 INFO        
2025-03-16 03:57:51 INFO        AREA ESTIMATION for dummy_storage(width=1, depth=1, datawidth=1, technology=-1, has_power_gating=False, n_banks=2, cluster_size=1, reduction_supported=True, multiple_buffering=1, min_utilization=0, allow_overbooking=False, meshX=1, meshY=1, metadata_datawidth=16, global_cycle_seconds=1e-09, version=0.4, action_latency_cycles=1, cycle_seconds=1e-09, n_instances=1)
2025-03-16 03:57:51 INFO        dummy estimated 1u^2 with accuracy 100%. Messages:
2025-03-16 03:57:51 INFO        | Multiplying by n_instances 1
2025-03-16 03:57:51 INFO        
2025-03-16 03:57:51 INFO        AREA ESTIMATION for DRAM(technology=45nm, width=32, n_rw_ports=2, n_banks=2, global_cycle_seconds=1e-09, action_latency_cycles=1, cycle_seconds=1e-09, n_instances=1)
2025-03-16 03:57:51 INFO        CactiDRAM estimated 0 with accuracy 80%. Messages:
2025-03-16 03:57:51 INFO        | Unused arguments (technology, n_rw_ports, n_banks, global_cycle_seconds, action_latency_cycles, cycle_seconds, n_instances) provided for ['DRAM', 'dram'].__init__. Arguments used: (width)
2025-03-16 03:57:51 INFO        | Multiplying by n_instances 1
2025-03-16 03:57:51 INFO        
2025-03-16 03:57:51 INFO        AREA ESTIMATION for DRAM(technology=45nm, width=16, n_rw_ports=2, n_banks=2, global_cycle_seconds=1e-09, action_latency_cycles=1, cycle_seconds=1e-09, n_instances=1)
2025-03-16 03:57:51 INFO        CactiDRAM estimated 0 with accuracy 80%. Messages:
2025-03-16 03:57:51 INFO        | Unused arguments (technology, n_rw_ports, n_banks, global_cycle_seconds, action_latency_cycles, cycle_seconds, n_instances) provided for ['DRAM', 'dram'].__init__. Arguments used: (width)
2025-03-16 03:57:51 INFO        | Multiplying by n_instances 1
2025-03-16 03:57:51 INFO        
2025-03-16 03:57:51 INFO        AREA ESTIMATION for SRAM(technology=45nm, width=16, depth=512, datawidth=16, n_rdwr_ports=2, n_banks=2, global_cycle_seconds=1e-09, action_latency_cycles=1, cycle_seconds=1e-09, n_instances=1)
2025-03-16 03:57:52 INFO        CactiSRAM estimated 4.01897e-09 with accuracy 80%. Messages:
2025-03-16 03:57:52 INFO        | Unused arguments (datawidth, n_rdwr_ports, global_cycle_seconds, action_latency_cycles, cycle_seconds, n_instances) provided for ['SRAM', 'sram'].__init__. Arguments used: (technology, width, depth, n_banks)
2025-03-16 03:57:52 INFO        | Calling CACTI with cache_size=2048 n_rw_ports=1 block_size=4 tech_node_um=0.045 n_banks=2 tag_size=0 associativity=1
2025-03-16 03:57:52 INFO        | Calling CACTI with input path /usr/local/share/accelergy/estimation_plug_ins/accelergy-cacti-plug-in/cacti_inputs_outputs/tmp5vtq18sl
2025-03-16 03:57:52 INFO        | CACTI output will be written to /usr/local/share/accelergy/estimation_plug_ins/accelergy-cacti-plug-in/cacti_inputs_outputs/tmp62nj1jg3
2025-03-16 03:57:52 INFO        | CACTI executable not found at /usr/local/share/accelergy/estimation_plug_ins/accelergy-cacti-plug-in/cacti/cacti
2025-03-16 03:57:52 INFO        | Calling: cd /usr/local/share/accelergy/estimation_plug_ins/accelergy-cacti-plug-in ; ./cacti -infile /usr/local/share/accelergy/estimation_plug_ins/accelergy-cacti-plug-in/cacti_inputs_outputs/tmp5vtq18sl >> /usr/local/share/accelergy/estimation_plug_ins/accelergy-cacti-plug-in/cacti_inputs_outputs/tmp62nj1jg3 2>&1
2025-03-16 03:57:52 INFO        | Cache bandwidth: 4.0 bytes/cycle
2025-03-16 03:57:52 INFO        | Cache bandwidth: 48290661491.51744 bits/second
2025-03-16 03:57:52 INFO        | Multiplying by n_instances 1
2025-03-16 03:57:52 INFO        
2025-03-16 03:57:52 INFO        AREA ESTIMATION for SRAM(technology=45nm, width=16, depth=512, datawidth=16, global_cycle_seconds=1e-09, action_latency_cycles=1, cycle_seconds=1e-09, n_instances=1)
2025-03-16 03:57:52 INFO        CactiSRAM estimated 3.610035e-09 with accuracy 80%. Messages:
2025-03-16 03:57:52 INFO        | Unused arguments (datawidth, global_cycle_seconds, action_latency_cycles, cycle_seconds, n_instances) provided for ['SRAM', 'sram'].__init__. Arguments used: (technology, width, depth)
2025-03-16 03:57:52 INFO        | Calling CACTI with cache_size=2048 n_rw_ports=1 block_size=4 tech_node_um=0.045 n_banks=1 tag_size=0 associativity=1
2025-03-16 03:57:52 INFO        | Calling CACTI with input path /usr/local/share/accelergy/estimation_plug_ins/accelergy-cacti-plug-in/cacti_inputs_outputs/tmpao5u392f
2025-03-16 03:57:52 INFO        | CACTI output will be written to /usr/local/share/accelergy/estimation_plug_ins/accelergy-cacti-plug-in/cacti_inputs_outputs/tmpluh86ntk
2025-03-16 03:57:52 INFO        | CACTI executable not found at /usr/local/share/accelergy/estimation_plug_ins/accelergy-cacti-plug-in/cacti/cacti
2025-03-16 03:57:52 INFO        | Calling: cd /usr/local/share/accelergy/estimation_plug_ins/accelergy-cacti-plug-in ; ./cacti -infile /usr/local/share/accelergy/estimation_plug_ins/accelergy-cacti-plug-in/cacti_inputs_outputs/tmpao5u392f >> /usr/local/share/accelergy/estimation_plug_ins/accelergy-cacti-plug-in/cacti_inputs_outputs/tmpluh86ntk 2>&1
2025-03-16 03:57:52 INFO        | Cache bandwidth: 2.0 bytes/cycle
2025-03-16 03:57:52 INFO        | Cache bandwidth: 24008595077.03758 bits/second
2025-03-16 03:57:52 INFO        | Multiplying by n_instances 1
2025-03-16 03:57:52 INFO        
2025-03-16 03:57:52 INFO        AREA ESTIMATION for fpmultiplier(technology=45nm, exponent=5, mantissa=10, sign=1, global_cycle_seconds=1e-09, action_latency_cycles=1, cycle_seconds=1e-09, n_instances=1)
2025-03-16 03:57:52 INFO        Aladdin_table estimated 958.0078125u^2 with accuracy 70%. Messages:
2025-03-16 03:57:52 INFO        | Multiplying by n_instances 1
2025-03-16 03:57:52 INFO        
2025-03-16 03:57:52 INFO        AREA ESTIMATION for fpadder(technology=45nm, exponent=5, mantissa=10, sign=1, global_cycle_seconds=1e-09, action_latency_cycles=1, cycle_seconds=1e-09, n_instances=1)
2025-03-16 03:57:52 INFO        Aladdin_table estimated 2043.75u^2 with accuracy 70%. Messages:
2025-03-16 03:57:52 INFO        | Multiplying by n_instances 1
2025-03-16 03:57:52 INFO        flattened architecture is saved to:
2025-03-16 03:57:52 INFO        ./timeloop-model.flattened_architecture.yaml
2025-03-16 03:57:52 INFO        energy reference table is saved to:
2025-03-16 03:57:52 INFO        ./timeloop-model.ERT.yaml
2025-03-16 03:57:52 INFO        energy reference table summary is saved to:
2025-03-16 03:57:52 INFO        ./timeloop-model.ERT_summary.yaml
2025-03-16 03:57:52 WARNING     no runtime energy estimations are generated... not generating energy_estimation.yaml
2025-03-16 03:57:52 INFO        area reference table is saved to:
2025-03-16 03:57:52 INFO        ./timeloop-model.ART.yaml
2025-03-16 03:57:52 INFO        area reference table summary is saved to:
2025-03-16 03:57:52 INFO        ./timeloop-model.ART_summary.yaml
